<?xml version="1.0" encoding="UTF-8"?>
<!-- Generated by org.testng.reporters.JUnitXMLReporter -->
<testsuite ignored="0" hostname="DESKTOP-RI9GKG4" failures="0" tests="3" name="Default test" time="39.112" errors="0" timestamp="2024-02-01T16:50:43 IST">
  <testcase classname="mem.qa.testScripts.LoginPage1Test" name="checkTitleTest" time="0.075"/>
  <testcase classname="mem.qa.testScripts.LoginPage1Test" name="checkloginTest" time="12.061"/>
  <testcase classname="mem.qa.testScripts.LoginPage1Test" name="selectstore" time="17.428"/>
</testsuite> <!-- Default test -->
