<?xml version="1.0" encoding="UTF-8"?>
<!-- Generated by org.testng.reporters.JUnitXMLReporter -->
<testsuite ignored="0" hostname="DESKTOP-RI9GKG4" failures="1" tests="1" name="MEMTest2" time="0.018" errors="0" timestamp="2024-01-30T15:12:17 IST">
  <testcase classname="mem.qa.testScripts.ShopifyPageTest" name="selectstore" time="0.004">
    <failure type="java.lang.NullPointerException" message="Cannot invoke &amp;quot;mem.qa.pages.ShopifyPage.checksearchstore(String)&amp;quot; because &amp;quot;this.shopifypage&amp;quot; is null">
      <![CDATA[java.lang.NullPointerException: Cannot invoke "mem.qa.pages.ShopifyPage.checksearchstore(String)" because "this.shopifypage" is null
at mem.qa.testScripts.ShopifyPageTest.selectstore(ShopifyPageTest.java:25)
at java.base/java.util.concurrent.ThreadPoolExecutor.runWorker(ThreadPoolExecutor.java:1144)
at java.base/java.util.concurrent.ThreadPoolExecutor$Worker.run(ThreadPoolExecutor.java:642)
at java.base/java.lang.Thread.run(Thread.java:1583)
... Removed 10 stack frames]]>
    </failure>
  </testcase> <!-- selectstore -->
</testsuite> <!-- MEMTest2 -->
