<?xml version="1.0" encoding="UTF-8"?>
<!-- Generated by org.testng.reporters.JUnitXMLReporter -->
<testsuite ignored="0" hostname="DESKTOP-RI9GKG4" failures="1" tests="7" name="MEMTest" time="53.533" errors="0" timestamp="2024-03-15T18:59:24 IST">
  <testcase classname="mem.qa.testScripts.LoginPage1Test" name="checkTitleTest" time="0.051"/>
  <testcase classname="mem.qa.testScripts.LoginPage1Test" name="checkLoginTest" time="11.19"/>
  <testcase classname="mem.qa.testScripts.LoginPage1Test" name="checkselectStore" time="11.373"/>
  <testcase classname="mem.qa.testScripts.Mem_Product_Details_Page_Test" name="check_Page_Title_Test" time="21.252"/>
  <testcase classname="mem.qa.testScripts.Mem_Product_Details_Page_Test" name="check_Product_Title_Test" time="0.356"/>
  <testcase classname="mem.qa.testScripts.Mem_Product_Details_Page_Test" name="check_Price_Label_Test" time="0.003"/>
  <testcase classname="mem.qa.testScripts.Mem_Product_Details_Page_Test" name="check_Color_Slection_Test" time="0.213">
    <failure type="java.lang.AssertionError" message="expected [true] but found [false]">
      <![CDATA[java.lang.AssertionError: expected [true] but found [false]
at mem.qa.testScripts.Mem_Product_Details_Page_Test.check_Color_Slection_Test(Mem_Product_Details_Page_Test.java:60)
at java.base/java.util.ArrayList.forEach(ArrayList.java:1596)
... Removed 29 stack frames]]>
    </failure>
  </testcase> <!-- check_Color_Slection_Test -->
</testsuite> <!-- MEMTest -->
