<?xml version="1.0" encoding="UTF-8"?>
<!-- Generated by org.testng.reporters.JUnitXMLReporter -->
<testsuite ignored="4" hostname="LAPTOP-IKS9SD1L" failures="0" tests="1" name="KiteTest(failed)" time="8.69" errors="0" timestamp="2021-07-20T20:17:21 IST">
  <testcase classname="kite.qa.testScripts.LoginPageTest" name="checkHeaderTest" time="0.212"/>
  <testcase classname="kite.qa.testScripts.LoginPageTest" name="checkForgotPasswordLinkTest" time="0.0">
    <ignored/>
  </testcase> <!-- checkForgotPasswordLinkTest -->
  <testcase classname="kite.qa.testScripts.LoginPageTest" name="checkTitleTest" time="0.0">
    <ignored/>
  </testcase> <!-- checkTitleTest -->
  <testcase classname="kite.qa.testScripts.LoginPageTest" name="checkLogoTest" time="0.0">
    <ignored/>
  </testcase> <!-- checkLogoTest -->
  <testcase classname="kite.qa.testScripts.LoginPageTest" name="checkSignUpTest" time="0.0">
    <ignored/>
  </testcase> <!-- checkSignUpTest -->
</testsuite> <!-- KiteTest(failed) -->
